[FINER] - Tue Mar 22 18:34:42 CST 2016 : Core.main() : ENTRY
[INFO] - Tue Mar 22 18:34:42 CST 2016 : chapter_08_test_concurrent.chapter_08_05_logging.Main.main : Launching thread: 0
[INFO] - Tue Mar 22 18:34:42 CST 2016 : chapter_08_test_concurrent.chapter_08_05_logging.Main.main : Thread created: Thread-1
[INFO] - Tue Mar 22 18:34:42 CST 2016 : chapter_08_test_concurrent.chapter_08_05_logging.Main.main : Launching thread: 1
[FINER] - Tue Mar 22 18:34:42 CST 2016 : Thread-1.run() : ENTRY
[INFO] - Tue Mar 22 18:34:42 CST 2016 : chapter_08_test_concurrent.chapter_08_05_logging.Main.main : Thread created: Thread-2
[INFO] - Tue Mar 22 18:34:42 CST 2016 : chapter_08_test_concurrent.chapter_08_05_logging.Main.main : Launching thread: 2
[FINER] - Tue Mar 22 18:34:42 CST 2016 : Thread-2.run() : ENTRY
[INFO] - Tue Mar 22 18:34:42 CST 2016 : chapter_08_test_concurrent.chapter_08_05_logging.Main.main : Thread created: Thread-3
[INFO] - Tue Mar 22 18:34:42 CST 2016 : chapter_08_test_concurrent.chapter_08_05_logging.Main.main : Launching thread: 3
[FINER] - Tue Mar 22 18:34:42 CST 2016 : Thread-3.run() : ENTRY
[INFO] - Tue Mar 22 18:34:42 CST 2016 : chapter_08_test_concurrent.chapter_08_05_logging.Main.main : Thread created: Thread-4
[INFO] - Tue Mar 22 18:34:42 CST 2016 : chapter_08_test_concurrent.chapter_08_05_logging.Main.main : Launching thread: 4
[FINER] - Tue Mar 22 18:34:42 CST 2016 : Thread-4.run() : ENTRY
[INFO] - Tue Mar 22 18:34:42 CST 2016 : chapter_08_test_concurrent.chapter_08_05_logging.Main.main : Thread created: Thread-5
[INFO] - Tue Mar 22 18:34:42 CST 2016 : chapter_08_test_concurrent.chapter_08_05_logging.Main.main : Ten Threads created. Waiting for its finalization
[FINER] - Tue Mar 22 18:34:42 CST 2016 : Thread-5.run() : ENTRY
[FINER] - Tue Mar 22 18:34:44 CST 2016 : Thread-1.run() : RETURN {0}
[FINER] - Tue Mar 22 18:34:44 CST 2016 : Thread-2.run() : RETURN {0}
[FINER] - Tue Mar 22 18:34:44 CST 2016 : Thread-5.run() : RETURN {0}
[INFO] - Tue Mar 22 18:34:44 CST 2016 : chapter_08_test_concurrent.chapter_08_05_logging.Main.main : Thread has finished its execution
[FINER] - Tue Mar 22 18:34:44 CST 2016 : Thread-4.run() : RETURN {0}
[FINER] - Tue Mar 22 18:34:44 CST 2016 : Thread-3.run() : RETURN {0}
[INFO] - Tue Mar 22 18:34:44 CST 2016 : chapter_08_test_concurrent.chapter_08_05_logging.Main.main : Thread has finished its execution
[INFO] - Tue Mar 22 18:34:44 CST 2016 : chapter_08_test_concurrent.chapter_08_05_logging.Main.main : Thread has finished its execution
[INFO] - Tue Mar 22 18:34:44 CST 2016 : chapter_08_test_concurrent.chapter_08_05_logging.Main.main : Thread has finished its execution
[INFO] - Tue Mar 22 18:34:44 CST 2016 : chapter_08_test_concurrent.chapter_08_05_logging.Main.main : Thread has finished its execution
[FINER] - Tue Mar 22 18:34:44 CST 2016 : Main.main() : RETURN
